food_detection/build/intermediates/manifest_merge_blame_file/debug/processDebugMainManifest/manifest-merger-blame-debug-report.txt
1<?xml version="1.0" encoding="utf-8"?>
2<manifest xmlns:android="http://schemas.android.com/apk/res/android"
3    package="com.bytedance.pico.secure_mr_demo.food_detection"
4    android:versionCode="1"
5    android:versionName="1.0" >
6
7    <uses-sdk
8        android:minSdkVersion="32"
9        android:targetSdkVersion="32" />
10
11    <uses-feature
11-->samples/food_detection/AndroidManifest.xml:5:2-7:29
12        android:name="android.hardware.vr.headtracking"
12-->samples/food_detection/AndroidManifest.xml:6:3-50
13        android:required="true" />
13-->samples/food_detection/AndroidManifest.xml:7:3-26
14
15    <application
15-->samples/food_detection/AndroidManifest.xml:8:2-37:16
16        android:allowBackup="false"
16-->samples/food_detection/AndroidManifest.xml:9:3-30
17        android:debuggable="true"
18        android:extractNativeLibs="false"
19        android:hasCode="false"
19-->samples/food_detection/AndroidManifest.xml:10:3-26
20        android:label="Food Detection"
20-->samples/food_detection/AndroidManifest.xml:11:9-39
21        android:theme="@android:style/Theme.Black.NoTitleBar.Fullscreen" >
21-->samples/food_detection/AndroidManifest.xml:12:3-67
22        <activity
22-->samples/food_detection/AndroidManifest.xml:13:3-33:14
23            android:name="android.app.NativeActivity"
23-->samples/food_detection/AndroidManifest.xml:14:4-45
24            android:configChanges="screenSize|screenLayout|orientation|keyboardHidden|keyboard|navigation|uiMode"
24-->samples/food_detection/AndroidManifest.xml:15:4-105
25            android:excludeFromRecents="false"
25-->samples/food_detection/AndroidManifest.xml:16:4-38
26            android:exported="true"
26-->samples/food_detection/AndroidManifest.xml:17:4-27
27            android:launchMode="singleTask"
27-->samples/food_detection/AndroidManifest.xml:18:4-35
28            android:screenOrientation="landscape"
28-->samples/food_detection/AndroidManifest.xml:19:4-41
29            android:theme="@android:style/Theme.Black.NoTitleBar.Fullscreen" >
29-->samples/food_detection/AndroidManifest.xml:20:4-68
30            <meta-data
30-->samples/food_detection/AndroidManifest.xml:21:4-23:50
31                android:name="android.app.lib_name"
31-->samples/food_detection/AndroidManifest.xml:22:5-40
32                android:value="food_detection" />
32-->samples/food_detection/AndroidManifest.xml:23:17-47
33            <meta-data
33-->samples/food_detection/AndroidManifest.xml:24:4-26:28
34                android:name="com.oculus.vr.focusaware"
34-->samples/food_detection/AndroidManifest.xml:25:5-44
35                android:value="true" />
35-->samples/food_detection/AndroidManifest.xml:26:5-25
36
37            <intent-filter>
37-->samples/food_detection/AndroidManifest.xml:28:4-32:20
38                <action android:name="android.intent.action.MAIN" />
38-->samples/food_detection/AndroidManifest.xml:29:5-57
38-->samples/food_detection/AndroidManifest.xml:29:13-54
39
40                <category android:name="com.oculus.intent.category.VR" />
40-->samples/food_detection/AndroidManifest.xml:30:5-62
40-->samples/food_detection/AndroidManifest.xml:30:15-59
41                <category android:name="android.intent.category.LAUNCHER" />
41-->samples/food_detection/AndroidManifest.xml:31:5-65
41-->samples/food_detection/AndroidManifest.xml:31:15-62
42            </intent-filter>
43        </activity>
44
45        <meta-data
45-->samples/food_detection/AndroidManifest.xml:34:3-67
46            android:name="pvr.app.secure_mr"
46-->samples/food_detection/AndroidManifest.xml:34:14-46
47            android:value="1" />
47-->samples/food_detection/AndroidManifest.xml:34:47-64
48        <meta-data
48-->samples/food_detection/AndroidManifest.xml:35:3-63
49            android:name="pvr.app.type"
49-->samples/food_detection/AndroidManifest.xml:35:14-41
50            android:value="vr" />
50-->samples/food_detection/AndroidManifest.xml:35:42-60
51        <meta-data
51-->samples/food_detection/AndroidManifest.xml:36:3-68
52            android:name="enable_mr_safeguard"
52-->samples/food_detection/AndroidManifest.xml:36:14-48
53            android:value="1" />
53-->samples/food_detection/AndroidManifest.xml:36:49-66
54    </application>
55
56</manifest>